{"level":"info","message":"Conectado ao banco de dados MySQL","service":"lineage2-server","timestamp":"2025-09-20 15:10:43"}
{"level":"info","message":"Tabelas inicializadas com sucesso","service":"lineage2-server","timestamp":"2025-09-20 15:10:43"}
{"level":"info","message":"Conectado ao banco de dados MySQL","service":"lineage2-server","timestamp":"2025-09-20 15:13:44"}
{"level":"info","message":"Tabelas inicializadas com sucesso","service":"lineage2-server","timestamp":"2025-09-20 15:13:44"}
{"level":"info","message":"Servidor rodando na porta 3000","service":"lineage2-server","timestamp":"2025-09-20 15:13:44"}
{"level":"info","message":"Servidor: Lineage2 Server","service":"lineage2-server","timestamp":"2025-09-20 15:13:44"}
{"level":"info","message":"Máximo de jogadores: 1000","service":"lineage2-server","timestamp":"2025-09-20 15:13:44"}
{"level":"info","message":"Iniciando monitoramento do servidor 1","service":"lineage2-server","timestamp":"2025-09-20 15:13:44"}
{"level":"info","message":"Status do servidor 1 atualizado: 0 jogadores","service":"lineage2-server","timestamp":"2025-09-20 15:13:44"}
{"level":"info","message":"Status do servidor 1 atualizado: 1 jogadores","service":"lineage2-server","timestamp":"2025-09-20 15:14:14"}
{"level":"info","message":"Novo cliente conectado: z6fg2sjlxRRdXLSjAAAC","service":"lineage2-server","timestamp":"2025-09-20 15:14:14"}
{"level":"info","message":"Jogador conectado. Total: 2","service":"lineage2-server","timestamp":"2025-09-20 15:14:14"}
{"level":"info","message":"Status do servidor 1 atualizado: 2 jogadores","service":"lineage2-server","timestamp":"2025-09-20 15:14:44"}
{"level":"info","message":"Status do servidor 1 atualizado: 1 jogadores","service":"lineage2-server","timestamp":"2025-09-20 15:15:14"}
{"level":"info","message":"Status do servidor 1 atualizado: 1 jogadores","service":"lineage2-server","timestamp":"2025-09-20 15:15:44"}
{"level":"info","message":"Status do servidor 1 atualizado: 1 jogadores","service":"lineage2-server","timestamp":"2025-09-20 15:16:14"}
{"level":"info","message":"Status do servidor 1 atualizado: 1 jogadores","service":"lineage2-server","timestamp":"2025-09-20 15:16:44"}
{"level":"info","message":"Status do servidor 1 atualizado: 1 jogadores","service":"lineage2-server","timestamp":"2025-09-20 15:17:14"}
{"level":"info","message":"Status do servidor 1 atualizado: 1 jogadores","service":"lineage2-server","timestamp":"2025-09-20 15:17:44"}
{"level":"info","message":"Status do servidor 1 atualizado: 1 jogadores","service":"lineage2-server","timestamp":"2025-09-20 15:18:14"}
{"level":"info","message":"Status do servidor 1 atualizado: 1 jogadores","service":"lineage2-server","timestamp":"2025-09-20 15:18:44"}
{"level":"info","message":"Status do servidor 1 atualizado: 1 jogadores","service":"lineage2-server","timestamp":"2025-09-20 15:19:14"}
{"level":"info","message":"Cliente desconectado: z6fg2sjlxRRdXLSjAAAC - Motivo: client namespace disconnect","service":"lineage2-server","timestamp":"2025-09-20 15:19:40"}
{"level":"info","message":"Jogador desconectado. Total: 1","service":"lineage2-server","timestamp":"2025-09-20 15:19:40"}
{"level":"info","message":"Status do servidor 1 atualizado: 0 jogadores","service":"lineage2-server","timestamp":"2025-09-20 15:19:44"}
{"level":"info","message":"Status do servidor 1 atualizado: 0 jogadores","service":"lineage2-server","timestamp":"2025-09-20 15:20:14"}
{"level":"info","message":"Status do servidor 1 atualizado: 0 jogadores","service":"lineage2-server","timestamp":"2025-09-20 15:20:44"}
{"level":"info","message":"Status do servidor 1 atualizado: 0 jogadores","service":"lineage2-server","timestamp":"2025-09-20 15:21:14"}
{"level":"info","message":"Status do servidor 1 atualizado: 0 jogadores","service":"lineage2-server","timestamp":"2025-09-20 15:21:44"}
{"level":"info","message":"Status do servidor 1 atualizado: 0 jogadores","service":"lineage2-server","timestamp":"2025-09-20 15:22:14"}
{"level":"info","message":"Status do servidor 1 atualizado: 0 jogadores","service":"lineage2-server","timestamp":"2025-09-20 15:22:44"}
{"level":"info","message":"Novo cliente conectado: mTqLGMthllV9si0DAAAF","service":"lineage2-server","timestamp":"2025-09-20 15:23:11"}
{"level":"info","message":"Jogador conectado. Total: 2","service":"lineage2-server","timestamp":"2025-09-20 15:23:11"}
{"level":"info","message":"Status do servidor 1 atualizado: 2 jogadores","service":"lineage2-server","timestamp":"2025-09-20 15:23:14"}
{"level":"info","message":"Status do servidor 1 atualizado: 2 jogadores","service":"lineage2-server","timestamp":"2025-09-20 15:23:44"}
{"level":"info","message":"Status do servidor 1 atualizado: 1 jogadores","service":"lineage2-server","timestamp":"2025-09-20 15:24:14"}
{"level":"info","message":"Status do servidor 1 atualizado: 1 jogadores","service":"lineage2-server","timestamp":"2025-09-20 15:24:44"}
{"level":"info","message":"Status do servidor 1 atualizado: 1 jogadores","service":"lineage2-server","timestamp":"2025-09-20 15:25:14"}
{"level":"info","message":"Status do servidor 1 atualizado: 1 jogadores","service":"lineage2-server","timestamp":"2025-09-20 15:25:44"}
{"level":"info","message":"Status do servidor 1 atualizado: 1 jogadores","service":"lineage2-server","timestamp":"2025-09-20 15:26:14"}
{"level":"info","message":"Status do servidor 1 atualizado: 1 jogadores","service":"lineage2-server","timestamp":"2025-09-20 15:26:45"}
{"level":"info","message":"Status do servidor 1 atualizado: 1 jogadores","service":"lineage2-server","timestamp":"2025-09-20 15:27:15"}
{"level":"info","message":"Cliente desconectado: mTqLGMthllV9si0DAAAF - Motivo: transport close","service":"lineage2-server","timestamp":"2025-09-20 15:27:33"}
{"level":"info","message":"Jogador desconectado. Total: 0","service":"lineage2-server","timestamp":"2025-09-20 15:27:33"}
{"level":"info","message":"Status do servidor 1 atualizado: 0 jogadores","service":"lineage2-server","timestamp":"2025-09-20 15:27:45"}
{"level":"info","message":"Status do servidor 1 atualizado: 0 jogadores","service":"lineage2-server","timestamp":"2025-09-20 15:28:15"}
{"level":"info","message":"Status do servidor 1 atualizado: 0 jogadores","service":"lineage2-server","timestamp":"2025-09-20 15:28:45"}
{"level":"info","message":"Status do servidor 1 atualizado: 0 jogadores","service":"lineage2-server","timestamp":"2025-09-20 15:29:15"}
{"level":"info","message":"Status do servidor 1 atualizado: 0 jogadores","service":"lineage2-server","timestamp":"2025-09-20 15:29:45"}
{"level":"info","message":"Status do servidor 1 atualizado: 0 jogadores","service":"lineage2-server","timestamp":"2025-09-20 15:30:15"}
{"level":"info","message":"Status do servidor 1 atualizado: 0 jogadores","service":"lineage2-server","timestamp":"2025-09-20 15:30:45"}
{"level":"info","message":"Status do servidor 1 atualizado: 0 jogadores","service":"lineage2-server","timestamp":"2025-09-20 15:31:15"}
{"level":"info","message":"Recebido SIGINT. Encerrando servidor...","service":"lineage2-server","timestamp":"2025-09-20 15:31:26"}
{"level":"info","message":"Conectado ao banco de dados MySQL","service":"lineage2-server","timestamp":"2025-09-20 15:31:32"}
{"level":"info","message":"Tabelas inicializadas com sucesso","service":"lineage2-server","timestamp":"2025-09-20 15:31:32"}
{"level":"info","message":"Servidor rodando na porta 3000","service":"lineage2-server","timestamp":"2025-09-20 15:31:32"}
{"level":"info","message":"Servidor: Lineage2 Server","service":"lineage2-server","timestamp":"2025-09-20 15:31:32"}
{"level":"info","message":"Máximo de jogadores: 1000","service":"lineage2-server","timestamp":"2025-09-20 15:31:32"}
{"level":"info","message":"Iniciando monitoramento do servidor 1","service":"lineage2-server","timestamp":"2025-09-20 15:31:32"}
{"level":"info","message":"Status do servidor 1 atualizado: 0 jogadores","service":"lineage2-server","timestamp":"2025-09-20 15:31:32"}
{"level":"info","message":"Status do servidor 1 atualizado: 0 jogadores","service":"lineage2-server","timestamp":"2025-09-20 15:32:02"}
{"level":"info","message":"Status do servidor 1 atualizado: 0 jogadores","service":"lineage2-server","timestamp":"2025-09-20 15:32:32"}
{"level":"info","message":"Status do servidor 1 atualizado: 0 jogadores","service":"lineage2-server","timestamp":"2025-09-20 15:33:02"}
{"level":"info","message":"Status do servidor 1 atualizado: 0 jogadores","service":"lineage2-server","timestamp":"2025-09-20 15:33:32"}
{"level":"info","message":"Status do servidor 1 atualizado: 0 jogadores","service":"lineage2-server","timestamp":"2025-09-20 15:34:02"}
{"level":"info","message":"Status do servidor 1 atualizado: 0 jogadores","service":"lineage2-server","timestamp":"2025-09-20 15:34:32"}
{"level":"info","message":"Status do servidor 1 atualizado: 0 jogadores","service":"lineage2-server","timestamp":"2025-09-20 15:35:02"}
{"level":"info","message":"Status do servidor 1 atualizado: 0 jogadores","service":"lineage2-server","timestamp":"2025-09-20 15:35:32"}
{"level":"info","message":"Status do servidor 1 atualizado: 0 jogadores","service":"lineage2-server","timestamp":"2025-09-20 15:36:02"}
{"level":"info","message":"Status do servidor 1 atualizado: 0 jogadores","service":"lineage2-server","timestamp":"2025-09-20 15:36:32"}
{"level":"info","message":"Status do servidor 1 atualizado: 0 jogadores","service":"lineage2-server","timestamp":"2025-09-20 15:37:02"}
{"level":"info","message":"Status do servidor 1 atualizado: 0 jogadores","service":"lineage2-server","timestamp":"2025-09-20 15:37:32"}
{"level":"info","message":"Status do servidor 1 atualizado: 0 jogadores","service":"lineage2-server","timestamp":"2025-09-20 15:38:02"}
{"level":"info","message":"Novo cliente conectado: 7pGEdNXd1keUzaIGAAAC","service":"lineage2-server","timestamp":"2025-09-20 15:38:26"}
{"level":"info","message":"Jogador conectado. Total: 2","service":"lineage2-server","timestamp":"2025-09-20 15:38:26"}
{"level":"info","message":"Status do servidor 1 atualizado: 2 jogadores","service":"lineage2-server","timestamp":"2025-09-20 15:38:32"}
{"level":"info","message":"Status do servidor 1 atualizado: 2 jogadores","service":"lineage2-server","timestamp":"2025-09-20 15:39:02"}
{"level":"info","message":"Cliente desconectado: 7pGEdNXd1keUzaIGAAAC - Motivo: client namespace disconnect","service":"lineage2-server","timestamp":"2025-09-20 15:39:10"}
{"level":"info","message":"Jogador desconectado. Total: 2","service":"lineage2-server","timestamp":"2025-09-20 15:39:10"}
{"level":"info","message":"Status do servidor 1 atualizado: 0 jogadores","service":"lineage2-server","timestamp":"2025-09-20 15:39:32"}
{"level":"info","message":"Novo cliente conectado: mdoNoPbfRllMx_fxAAAF","service":"lineage2-server","timestamp":"2025-09-20 15:39:35"}
{"level":"info","message":"Jogador conectado. Total: 2","service":"lineage2-server","timestamp":"2025-09-20 15:39:35"}
{"level":"info","message":"Status do servidor 1 atualizado: 2 jogadores","service":"lineage2-server","timestamp":"2025-09-20 15:40:02"}
{"level":"info","message":"Status do servidor 1 atualizado: 1 jogadores","service":"lineage2-server","timestamp":"2025-09-20 15:40:32"}
{"level":"info","message":"Cliente desconectado: mdoNoPbfRllMx_fxAAAF - Motivo: client namespace disconnect","service":"lineage2-server","timestamp":"2025-09-20 15:40:55"}
{"level":"info","message":"Jogador desconectado. Total: 1","service":"lineage2-server","timestamp":"2025-09-20 15:40:55"}
{"level":"info","message":"Status do servidor 1 atualizado: 0 jogadores","service":"lineage2-server","timestamp":"2025-09-20 15:41:02"}
{"level":"info","message":"Status do servidor 1 atualizado: 0 jogadores","service":"lineage2-server","timestamp":"2025-09-20 15:41:32"}
{"level":"info","message":"Status do servidor 1 atualizado: 0 jogadores","service":"lineage2-server","timestamp":"2025-09-20 15:42:02"}
{"level":"info","message":"Status do servidor 1 atualizado: 0 jogadores","service":"lineage2-server","timestamp":"2025-09-20 15:42:32"}
{"level":"info","message":"Status do servidor 1 atualizado: 0 jogadores","service":"lineage2-server","timestamp":"2025-09-20 15:43:02"}
{"level":"info","message":"Status do servidor 1 atualizado: 0 jogadores","service":"lineage2-server","timestamp":"2025-09-20 15:43:32"}
{"level":"info","message":"Status do servidor 1 atualizado: 0 jogadores","service":"lineage2-server","timestamp":"2025-09-20 15:44:02"}
{"level":"info","message":"Novo cliente conectado: ae51Ohg7ge3m_HrzAAAI","service":"lineage2-server","timestamp":"2025-09-20 15:44:18"}
{"level":"info","message":"Jogador conectado. Total: 2","service":"lineage2-server","timestamp":"2025-09-20 15:44:18"}
{"level":"info","message":"Status do servidor 1 atualizado: 2 jogadores","service":"lineage2-server","timestamp":"2025-09-20 15:44:32"}
{"level":"info","message":"Status do servidor 1 atualizado: 2 jogadores","service":"lineage2-server","timestamp":"2025-09-20 15:45:02"}
{"level":"info","message":"Status do servidor 1 atualizado: 1 jogadores","service":"lineage2-server","timestamp":"2025-09-20 15:45:32"}
{"level":"info","message":"Status do servidor 1 atualizado: 1 jogadores","service":"lineage2-server","timestamp":"2025-09-20 15:46:02"}
{"level":"info","message":"Status do servidor 1 atualizado: 1 jogadores","service":"lineage2-server","timestamp":"2025-09-20 15:46:32"}
{"level":"info","message":"Status do servidor 1 atualizado: 1 jogadores","service":"lineage2-server","timestamp":"2025-09-20 15:47:02"}
{"level":"info","message":"Cliente desconectado: ae51Ohg7ge3m_HrzAAAI - Motivo: client namespace disconnect","service":"lineage2-server","timestamp":"2025-09-20 15:47:03"}
{"level":"info","message":"Jogador desconectado. Total: 1","service":"lineage2-server","timestamp":"2025-09-20 15:47:03"}
{"level":"info","message":"Status do servidor 1 atualizado: 0 jogadores","service":"lineage2-server","timestamp":"2025-09-20 15:47:32"}
{"level":"info","message":"Status do servidor 1 atualizado: 0 jogadores","service":"lineage2-server","timestamp":"2025-09-20 15:48:02"}
{"level":"info","message":"Status do servidor 1 atualizado: 0 jogadores","service":"lineage2-server","timestamp":"2025-09-20 15:48:32"}
{"level":"info","message":"Status do servidor 1 atualizado: 0 jogadores","service":"lineage2-server","timestamp":"2025-09-20 15:49:02"}
{"level":"info","message":"Status do servidor 1 atualizado: 0 jogadores","service":"lineage2-server","timestamp":"2025-09-20 15:49:32"}
{"level":"info","message":"Status do servidor 1 atualizado: 0 jogadores","service":"lineage2-server","timestamp":"2025-09-20 15:50:02"}
{"level":"info","message":"Status do servidor 1 atualizado: 0 jogadores","service":"lineage2-server","timestamp":"2025-09-20 15:50:32"}
{"level":"info","message":"Novo cliente conectado: HbpMBxviE7EiNfPoAAAL","service":"lineage2-server","timestamp":"2025-09-20 15:50:51"}
{"level":"info","message":"Jogador conectado. Total: 2","service":"lineage2-server","timestamp":"2025-09-20 15:50:51"}
{"level":"info","message":"Status do servidor 1 atualizado: 2 jogadores","service":"lineage2-server","timestamp":"2025-09-20 15:51:02"}
{"level":"info","message":"Status do servidor 1 atualizado: 2 jogadores","service":"lineage2-server","timestamp":"2025-09-20 15:51:32"}
{"level":"info","message":"Status do servidor 1 atualizado: 1 jogadores","service":"lineage2-server","timestamp":"2025-09-20 15:52:02"}
{"level":"info","message":"Status do servidor 1 atualizado: 1 jogadores","service":"lineage2-server","timestamp":"2025-09-20 15:52:32"}
{"level":"info","message":"Cliente desconectado: HbpMBxviE7EiNfPoAAAL - Motivo: client namespace disconnect","service":"lineage2-server","timestamp":"2025-09-20 15:52:52"}
{"level":"info","message":"Jogador desconectado. Total: 1","service":"lineage2-server","timestamp":"2025-09-20 15:52:52"}
{"level":"info","message":"Status do servidor 1 atualizado: 0 jogadores","service":"lineage2-server","timestamp":"2025-09-20 15:53:02"}
{"level":"info","message":"Status do servidor 1 atualizado: 0 jogadores","service":"lineage2-server","timestamp":"2025-09-20 15:53:32"}
{"level":"info","message":"Status do servidor 1 atualizado: 0 jogadores","service":"lineage2-server","timestamp":"2025-09-20 15:54:02"}
{"level":"info","message":"Status do servidor 1 atualizado: 0 jogadores","service":"lineage2-server","timestamp":"2025-09-20 15:54:32"}
{"level":"info","message":"Status do servidor 1 atualizado: 0 jogadores","service":"lineage2-server","timestamp":"2025-09-20 15:55:02"}
{"level":"info","message":"Status do servidor 1 atualizado: 0 jogadores","service":"lineage2-server","timestamp":"2025-09-20 15:55:32"}
{"level":"info","message":"Status do servidor 1 atualizado: 0 jogadores","service":"lineage2-server","timestamp":"2025-09-20 15:56:02"}
{"level":"info","message":"Novo cliente conectado: IoosILqGIsHiw_JwAAAO","service":"lineage2-server","timestamp":"2025-09-20 15:56:04"}
{"level":"info","message":"Jogador conectado. Total: 2","service":"lineage2-server","timestamp":"2025-09-20 15:56:04"}
{"level":"info","message":"Status do servidor 1 atualizado: 2 jogadores","service":"lineage2-server","timestamp":"2025-09-20 15:56:32"}
{"level":"info","message":"Cliente desconectado: IoosILqGIsHiw_JwAAAO - Motivo: client namespace disconnect","service":"lineage2-server","timestamp":"2025-09-20 15:56:52"}
{"level":"info","message":"Jogador desconectado. Total: 1","service":"lineage2-server","timestamp":"2025-09-20 15:56:52"}
{"level":"info","message":"Status do servidor 1 atualizado: 0 jogadores","service":"lineage2-server","timestamp":"2025-09-20 15:57:02"}
{"level":"info","message":"Novo cliente conectado: LiFPlV4yiUu7LVYPAAAR","service":"lineage2-server","timestamp":"2025-09-20 15:57:23"}
{"level":"info","message":"Jogador conectado. Total: 2","service":"lineage2-server","timestamp":"2025-09-20 15:57:23"}
{"level":"info","message":"Status do servidor 1 atualizado: 2 jogadores","service":"lineage2-server","timestamp":"2025-09-20 15:57:32"}
{"level":"info","message":"Cliente desconectado: LiFPlV4yiUu7LVYPAAAR - Motivo: client namespace disconnect","service":"lineage2-server","timestamp":"2025-09-20 15:58:00"}
{"level":"info","message":"Jogador desconectado. Total: 2","service":"lineage2-server","timestamp":"2025-09-20 15:58:00"}
{"level":"info","message":"Status do servidor 1 atualizado: 1 jogadores","service":"lineage2-server","timestamp":"2025-09-20 15:58:02"}
{"level":"info","message":"Status do servidor 1 atualizado: 0 jogadores","service":"lineage2-server","timestamp":"2025-09-20 15:58:32"}
{"level":"info","message":"Status do servidor 1 atualizado: 0 jogadores","service":"lineage2-server","timestamp":"2025-09-20 15:59:02"}
{"level":"info","message":"Status do servidor 1 atualizado: 0 jogadores","service":"lineage2-server","timestamp":"2025-09-20 15:59:32"}
{"level":"info","message":"Status do servidor 1 atualizado: 0 jogadores","service":"lineage2-server","timestamp":"2025-09-20 16:00:02"}
{"level":"info","message":"Novo cliente conectado: Ya53KY1-T3g4ONyAAAAU","service":"lineage2-server","timestamp":"2025-09-20 16:00:14"}
{"level":"info","message":"Jogador conectado. Total: 2","service":"lineage2-server","timestamp":"2025-09-20 16:00:14"}
{"level":"error","message":"Erro no login:","service":"lineage2-server","timestamp":"2025-09-20 16:00:25"}
{"level":"info","message":"Status do servidor 1 atualizado: 2 jogadores","service":"lineage2-server","timestamp":"2025-09-20 16:00:32"}
{"level":"info","message":"Status do servidor 1 atualizado: 1 jogadores","service":"lineage2-server","timestamp":"2025-09-20 16:01:02"}
{"level":"info","message":"Status do servidor 1 atualizado: 1 jogadores","service":"lineage2-server","timestamp":"2025-09-20 16:01:32"}
{"level":"info","message":"Status do servidor 1 atualizado: 1 jogadores","service":"lineage2-server","timestamp":"2025-09-20 16:02:02"}
{"level":"info","message":"Status do servidor 1 atualizado: 1 jogadores","service":"lineage2-server","timestamp":"2025-09-20 16:02:32"}
{"level":"info","message":"Status do servidor 1 atualizado: 1 jogadores","service":"lineage2-server","timestamp":"2025-09-20 16:03:02"}
{"level":"info","message":"Status do servidor 1 atualizado: 1 jogadores","service":"lineage2-server","timestamp":"2025-09-20 16:03:32"}
{"level":"info","message":"Status do servidor 1 atualizado: 1 jogadores","service":"lineage2-server","timestamp":"2025-09-20 16:04:02"}
{"level":"info","message":"Status do servidor 1 atualizado: 1 jogadores","service":"lineage2-server","timestamp":"2025-09-20 16:04:32"}
{"level":"info","message":"Status do servidor 1 atualizado: 1 jogadores","service":"lineage2-server","timestamp":"2025-09-20 16:05:02"}
{"level":"info","message":"Status do servidor 1 atualizado: 1 jogadores","service":"lineage2-server","timestamp":"2025-09-20 16:05:32"}
{"level":"info","message":"Status do servidor 1 atualizado: 1 jogadores","service":"lineage2-server","timestamp":"2025-09-20 16:06:02"}
{"level":"info","message":"Status do servidor 1 atualizado: 1 jogadores","service":"lineage2-server","timestamp":"2025-09-20 16:06:32"}
{"level":"info","message":"Status do servidor 1 atualizado: 1 jogadores","service":"lineage2-server","timestamp":"2025-09-20 16:07:02"}
{"level":"info","message":"Status do servidor 1 atualizado: 1 jogadores","service":"lineage2-server","timestamp":"2025-09-20 16:07:32"}
{"level":"info","message":"Status do servidor 1 atualizado: 1 jogadores","service":"lineage2-server","timestamp":"2025-09-20 16:08:02"}
{"level":"info","message":"Status do servidor 1 atualizado: 1 jogadores","service":"lineage2-server","timestamp":"2025-09-20 16:08:32"}
{"level":"info","message":"Status do servidor 1 atualizado: 1 jogadores","service":"lineage2-server","timestamp":"2025-09-20 16:09:02"}
{"level":"info","message":"Status do servidor 1 atualizado: 1 jogadores","service":"lineage2-server","timestamp":"2025-09-20 16:09:32"}
{"level":"info","message":"Status do servidor 1 atualizado: 1 jogadores","service":"lineage2-server","timestamp":"2025-09-20 16:10:02"}
{"level":"info","message":"Status do servidor 1 atualizado: 1 jogadores","service":"lineage2-server","timestamp":"2025-09-20 16:10:32"}
{"level":"info","message":"Status do servidor 1 atualizado: 1 jogadores","service":"lineage2-server","timestamp":"2025-09-20 16:11:02"}
{"level":"info","message":"Status do servidor 1 atualizado: 1 jogadores","service":"lineage2-server","timestamp":"2025-09-20 16:11:32"}
{"level":"info","message":"Cliente desconectado: Ya53KY1-T3g4ONyAAAAU - Motivo: client namespace disconnect","service":"lineage2-server","timestamp":"2025-09-20 16:11:51"}
{"level":"info","message":"Jogador desconectado. Total: 1","service":"lineage2-server","timestamp":"2025-09-20 16:11:51"}
{"level":"info","message":"Recebido SIGINT. Encerrando servidor...","service":"lineage2-server","timestamp":"2025-09-20 16:11:57"}
{"level":"info","message":"Conectado ao banco de dados MySQL","service":"lineage2-server","timestamp":"2025-09-20 16:12:04"}
{"level":"info","message":"Tabelas inicializadas com sucesso","service":"lineage2-server","timestamp":"2025-09-20 16:12:04"}
{"level":"info","message":"Servidor rodando na porta 3000","service":"lineage2-server","timestamp":"2025-09-20 16:12:04"}
{"level":"info","message":"Servidor: Lineage2 Server","service":"lineage2-server","timestamp":"2025-09-20 16:12:04"}
{"level":"info","message":"Máximo de jogadores: 1000","service":"lineage2-server","timestamp":"2025-09-20 16:12:04"}
{"level":"info","message":"Iniciando monitoramento do servidor 1","service":"lineage2-server","timestamp":"2025-09-20 16:12:04"}
{"level":"info","message":"Status do servidor 1 atualizado: 0 jogadores","service":"lineage2-server","timestamp":"2025-09-20 16:12:04"}
{"level":"info","message":"Novo cliente conectado: LsVbXteqKebFFHdDAAAC","service":"lineage2-server","timestamp":"2025-09-20 16:12:14"}
{"level":"info","message":"Jogador conectado. Total: 2","service":"lineage2-server","timestamp":"2025-09-20 16:12:14"}
{"level":"info","message":"Status do servidor 1 atualizado: 2 jogadores","service":"lineage2-server","timestamp":"2025-09-20 16:12:34"}
{"level":"info","message":"Status do servidor 1 atualizado: 1 jogadores","service":"lineage2-server","timestamp":"2025-09-20 16:13:04"}
{"level":"info","message":"Status do servidor 1 atualizado: 1 jogadores","service":"lineage2-server","timestamp":"2025-09-20 16:13:34"}
{"level":"info","message":"Status do servidor 1 atualizado: 1 jogadores","service":"lineage2-server","timestamp":"2025-09-20 16:14:04"}
{"level":"info","message":"Status do servidor 1 atualizado: 1 jogadores","service":"lineage2-server","timestamp":"2025-09-20 16:14:34"}
{"level":"info","message":"Status do servidor 1 atualizado: 1 jogadores","service":"lineage2-server","timestamp":"2025-09-20 16:15:04"}
{"level":"info","message":"Status do servidor 1 atualizado: 1 jogadores","service":"lineage2-server","timestamp":"2025-09-20 16:15:34"}
{"level":"info","message":"Status do servidor 1 atualizado: 1 jogadores","service":"lineage2-server","timestamp":"2025-09-20 16:16:04"}
{"level":"info","message":"Status do servidor 1 atualizado: 1 jogadores","service":"lineage2-server","timestamp":"2025-09-20 16:16:34"}
{"level":"info","message":"Status do servidor 1 atualizado: 1 jogadores","service":"lineage2-server","timestamp":"2025-09-20 16:17:04"}
{"level":"info","message":"Status do servidor 1 atualizado: 1 jogadores","service":"lineage2-server","timestamp":"2025-09-20 16:17:34"}
{"level":"info","message":"Status do servidor 1 atualizado: 1 jogadores","service":"lineage2-server","timestamp":"2025-09-20 16:18:04"}
{"level":"info","message":"Status do servidor 1 atualizado: 1 jogadores","service":"lineage2-server","timestamp":"2025-09-20 16:18:34"}
{"level":"info","message":"Status do servidor 1 atualizado: 1 jogadores","service":"lineage2-server","timestamp":"2025-09-20 16:19:04"}
{"level":"info","message":"Status do servidor 1 atualizado: 1 jogadores","service":"lineage2-server","timestamp":"2025-09-20 16:19:34"}
{"level":"info","message":"Status do servidor 1 atualizado: 1 jogadores","service":"lineage2-server","timestamp":"2025-09-20 16:20:04"}
{"level":"info","message":"Status do servidor 1 atualizado: 1 jogadores","service":"lineage2-server","timestamp":"2025-09-20 16:20:34"}
{"level":"info","message":"Status do servidor 1 atualizado: 1 jogadores","service":"lineage2-server","timestamp":"2025-09-20 16:21:04"}
{"level":"info","message":"Status do servidor 1 atualizado: 1 jogadores","service":"lineage2-server","timestamp":"2025-09-20 16:21:34"}
{"level":"info","message":"Status do servidor 1 atualizado: 1 jogadores","service":"lineage2-server","timestamp":"2025-09-20 16:22:04"}
{"level":"info","message":"Status do servidor 1 atualizado: 1 jogadores","service":"lineage2-server","timestamp":"2025-09-20 16:22:34"}
{"level":"info","message":"Status do servidor 1 atualizado: 1 jogadores","service":"lineage2-server","timestamp":"2025-09-20 16:23:04"}
{"level":"info","message":"Status do servidor 1 atualizado: 1 jogadores","service":"lineage2-server","timestamp":"2025-09-20 16:23:34"}
{"level":"info","message":"Status do servidor 1 atualizado: 1 jogadores","service":"lineage2-server","timestamp":"2025-09-20 16:24:04"}
{"level":"info","message":"Status do servidor 1 atualizado: 1 jogadores","service":"lineage2-server","timestamp":"2025-09-20 16:24:34"}
{"level":"info","message":"Status do servidor 1 atualizado: 1 jogadores","service":"lineage2-server","timestamp":"2025-09-20 16:25:04"}
{"level":"info","message":"Status do servidor 1 atualizado: 1 jogadores","service":"lineage2-server","timestamp":"2025-09-20 16:25:34"}
{"level":"info","message":"Recebido SIGINT. Encerrando servidor...","service":"lineage2-server","timestamp":"2025-09-20 16:25:59"}
{"level":"info","message":"Parando monitoramento do servidor 1","service":"lineage2-server","timestamp":"2025-09-20 16:25:59"}
{"level":"info","message":"Conectado ao banco de dados MySQL","service":"lineage2-server","timestamp":"2025-09-20 16:26:09"}
{"level":"info","message":"Tabelas inicializadas com sucesso","service":"lineage2-server","timestamp":"2025-09-20 16:26:09"}
{"level":"info","message":"Servidor rodando na porta 3000","service":"lineage2-server","timestamp":"2025-09-20 16:26:09"}
{"level":"info","message":"Servidor: Lineage2 Server","service":"lineage2-server","timestamp":"2025-09-20 16:26:09"}
{"level":"info","message":"Máximo de jogadores: 1000","service":"lineage2-server","timestamp":"2025-09-20 16:26:09"}
{"level":"info","message":"Iniciando monitoramento do servidor 1","service":"lineage2-server","timestamp":"2025-09-20 16:26:09"}
{"level":"info","message":"Status do servidor 1 atualizado: 0 jogadores","service":"lineage2-server","timestamp":"2025-09-20 16:26:09"}
{"level":"info","message":"Cliente desconectado: LsVbXteqKebFFHdDAAAC - Motivo: client namespace disconnect","service":"lineage2-server","timestamp":"2025-09-20 16:26:13"}
{"level":"info","message":"Jogador desconectado. Total: 1","service":"lineage2-server","timestamp":"2025-09-20 16:26:13"}
{"level":"info","message":"Conexão com o banco de dados encerrada","service":"lineage2-server","timestamp":"2025-09-20 16:26:14"}
{"level":"info","message":"Novo cliente conectado: Xtk63WHUF0uRQlu3AAAC","service":"lineage2-server","timestamp":"2025-09-20 16:26:27"}
{"level":"info","message":"Jogador conectado. Total: 2","service":"lineage2-server","timestamp":"2025-09-20 16:26:27"}
{"level":"info","message":"Status do servidor 1 atualizado: 2 jogadores","service":"lineage2-server","timestamp":"2025-09-20 16:26:39"}
{"level":"info","message":"Status do servidor 1 atualizado: 2 jogadores","service":"lineage2-server","timestamp":"2025-09-20 16:27:09"}
{"level":"info","message":"Status do servidor 1 atualizado: 1 jogadores","service":"lineage2-server","timestamp":"2025-09-20 16:27:39"}
{"level":"info","message":"Status do servidor 1 atualizado: 1 jogadores","service":"lineage2-server","timestamp":"2025-09-20 16:28:09"}
{"level":"info","message":"Status do servidor 1 atualizado: 1 jogadores","service":"lineage2-server","timestamp":"2025-09-20 16:28:39"}
{"level":"info","message":"Status do servidor 1 atualizado: 1 jogadores","service":"lineage2-server","timestamp":"2025-09-20 16:29:09"}
{"level":"info","message":"Status do servidor 1 atualizado: 1 jogadores","service":"lineage2-server","timestamp":"2025-09-20 16:29:39"}
{"level":"info","message":"Status do servidor 1 atualizado: 1 jogadores","service":"lineage2-server","timestamp":"2025-09-20 16:30:09"}
{"level":"info","message":"Status do servidor 1 atualizado: 1 jogadores","service":"lineage2-server","timestamp":"2025-09-20 16:30:39"}
{"level":"info","message":"Status do servidor 1 atualizado: 1 jogadores","service":"lineage2-server","timestamp":"2025-09-20 16:31:09"}
{"level":"info","message":"Status do servidor 1 atualizado: 1 jogadores","service":"lineage2-server","timestamp":"2025-09-20 16:31:39"}
{"level":"info","message":"Status do servidor 1 atualizado: 1 jogadores","service":"lineage2-server","timestamp":"2025-09-20 16:32:09"}
{"level":"info","message":"Status do servidor 1 atualizado: 1 jogadores","service":"lineage2-server","timestamp":"2025-09-20 16:32:39"}
{"level":"info","message":"Status do servidor 1 atualizado: 1 jogadores","service":"lineage2-server","timestamp":"2025-09-20 16:33:09"}
{"level":"info","message":"Status do servidor 1 atualizado: 1 jogadores","service":"lineage2-server","timestamp":"2025-09-20 16:33:39"}
{"level":"info","message":"Cliente desconectado: Xtk63WHUF0uRQlu3AAAC - Motivo: client namespace disconnect","service":"lineage2-server","timestamp":"2025-09-20 16:34:05"}
{"level":"info","message":"Jogador desconectado. Total: 1","service":"lineage2-server","timestamp":"2025-09-20 16:34:05"}
{"level":"info","message":"Status do servidor 1 atualizado: 0 jogadores","service":"lineage2-server","timestamp":"2025-09-20 16:34:09"}
{"level":"info","message":"Status do servidor 1 atualizado: 0 jogadores","service":"lineage2-server","timestamp":"2025-09-20 16:34:39"}
{"level":"info","message":"Status do servidor 1 atualizado: 0 jogadores","service":"lineage2-server","timestamp":"2025-09-20 16:35:09"}
{"level":"info","message":"Status do servidor 1 atualizado: 0 jogadores","service":"lineage2-server","timestamp":"2025-09-20 16:35:39"}
{"level":"info","message":"Status do servidor 1 atualizado: 0 jogadores","service":"lineage2-server","timestamp":"2025-09-20 16:36:09"}
{"level":"info","message":"Status do servidor 1 atualizado: 0 jogadores","service":"lineage2-server","timestamp":"2025-09-20 16:36:39"}
{"level":"info","message":"Status do servidor 1 atualizado: 0 jogadores","service":"lineage2-server","timestamp":"2025-09-20 16:37:09"}
{"level":"info","message":"Status do servidor 1 atualizado: 0 jogadores","service":"lineage2-server","timestamp":"2025-09-20 16:37:39"}
{"level":"info","message":"Status do servidor 1 atualizado: 0 jogadores","service":"lineage2-server","timestamp":"2025-09-20 16:38:09"}
{"level":"info","message":"Status do servidor 1 atualizado: 0 jogadores","service":"lineage2-server","timestamp":"2025-09-20 16:38:39"}
{"level":"info","message":"Status do servidor 1 atualizado: 0 jogadores","service":"lineage2-server","timestamp":"2025-09-20 16:39:09"}
{"level":"info","message":"Status do servidor 1 atualizado: 0 jogadores","service":"lineage2-server","timestamp":"2025-09-20 16:39:39"}
{"level":"info","message":"Novo cliente conectado: yAYZSbYIqxCrnmP_AAAF","service":"lineage2-server","timestamp":"2025-09-20 16:40:06"}
{"level":"info","message":"Jogador conectado. Total: 2","service":"lineage2-server","timestamp":"2025-09-20 16:40:06"}
{"level":"info","message":"Status do servidor 1 atualizado: 2 jogadores","service":"lineage2-server","timestamp":"2025-09-20 16:40:09"}
{"level":"info","message":"Status do servidor 1 atualizado: 2 jogadores","service":"lineage2-server","timestamp":"2025-09-20 16:40:39"}
{"level":"info","message":"Status do servidor 1 atualizado: 1 jogadores","service":"lineage2-server","timestamp":"2025-09-20 16:41:09"}
{"level":"info","message":"Status do servidor 1 atualizado: 1 jogadores","service":"lineage2-server","timestamp":"2025-09-20 16:41:39"}
{"level":"info","message":"Status do servidor 1 atualizado: 1 jogadores","service":"lineage2-server","timestamp":"2025-09-20 16:42:09"}
{"level":"info","message":"Cliente desconectado: yAYZSbYIqxCrnmP_AAAF - Motivo: transport close","service":"lineage2-server","timestamp":"2025-09-20 16:42:25"}
{"level":"info","message":"Jogador desconectado. Total: 0","service":"lineage2-server","timestamp":"2025-09-20 16:42:25"}
{"level":"info","message":"Status do servidor 1 atualizado: 0 jogadores","service":"lineage2-server","timestamp":"2025-09-20 16:42:39"}
{"level":"info","message":"Status do servidor 1 atualizado: 0 jogadores","service":"lineage2-server","timestamp":"2025-09-20 16:43:09"}
{"level":"info","message":"Status do servidor 1 atualizado: 0 jogadores","service":"lineage2-server","timestamp":"2025-09-20 16:43:39"}
{"level":"info","message":"Novo cliente conectado: OwxXhiDe74XOf6PzAAAI","service":"lineage2-server","timestamp":"2025-09-20 16:43:52"}
{"level":"info","message":"Jogador conectado. Total: 2","service":"lineage2-server","timestamp":"2025-09-20 16:43:52"}
{"level":"info","message":"Status do servidor 1 atualizado: 2 jogadores","service":"lineage2-server","timestamp":"2025-09-20 16:44:09"}
{"level":"info","message":"Status do servidor 1 atualizado: 1 jogadores","service":"lineage2-server","timestamp":"2025-09-20 16:44:39"}
{"level":"info","message":"Status do servidor 1 atualizado: 1 jogadores","service":"lineage2-server","timestamp":"2025-09-20 16:45:09"}
{"level":"info","message":"Status do servidor 1 atualizado: 1 jogadores","service":"lineage2-server","timestamp":"2025-09-20 16:45:39"}
{"level":"info","message":"Status do servidor 1 atualizado: 1 jogadores","service":"lineage2-server","timestamp":"2025-09-20 16:46:09"}
{"level":"info","message":"Status do servidor 1 atualizado: 1 jogadores","service":"lineage2-server","timestamp":"2025-09-20 16:46:39"}
{"level":"info","message":"Status do servidor 1 atualizado: 1 jogadores","service":"lineage2-server","timestamp":"2025-09-20 16:47:09"}
{"level":"info","message":"Cliente desconectado: OwxXhiDe74XOf6PzAAAI - Motivo: client namespace disconnect","service":"lineage2-server","timestamp":"2025-09-20 16:47:39"}
{"level":"info","message":"Jogador desconectado. Total: 1","service":"lineage2-server","timestamp":"2025-09-20 16:47:39"}
{"level":"info","message":"Status do servidor 1 atualizado: 1 jogadores","service":"lineage2-server","timestamp":"2025-09-20 16:47:39"}
{"level":"info","message":"Status do servidor 1 atualizado: 0 jogadores","service":"lineage2-server","timestamp":"2025-09-20 16:48:09"}
{"level":"info","message":"Status do servidor 1 atualizado: 0 jogadores","service":"lineage2-server","timestamp":"2025-09-20 16:48:39"}
{"level":"info","message":"Status do servidor 1 atualizado: 0 jogadores","service":"lineage2-server","timestamp":"2025-09-20 16:49:09"}
{"level":"info","message":"Status do servidor 1 atualizado: 0 jogadores","service":"lineage2-server","timestamp":"2025-09-20 16:49:39"}
{"level":"info","message":"Status do servidor 1 atualizado: 0 jogadores","service":"lineage2-server","timestamp":"2025-09-20 16:50:09"}
{"level":"info","message":"Status do servidor 1 atualizado: 0 jogadores","service":"lineage2-server","timestamp":"2025-09-20 16:50:39"}
{"level":"info","message":"Status do servidor 1 atualizado: 0 jogadores","service":"lineage2-server","timestamp":"2025-09-20 16:51:09"}
{"level":"info","message":"Status do servidor 1 atualizado: 0 jogadores","service":"lineage2-server","timestamp":"2025-09-20 16:51:39"}
{"level":"info","message":"Status do servidor 1 atualizado: 0 jogadores","service":"lineage2-server","timestamp":"2025-09-20 16:52:09"}
{"level":"info","message":"Status do servidor 1 atualizado: 0 jogadores","service":"lineage2-server","timestamp":"2025-09-20 16:52:39"}
{"level":"info","message":"Status do servidor 1 atualizado: 0 jogadores","service":"lineage2-server","timestamp":"2025-09-20 16:53:09"}
{"level":"info","message":"Status do servidor 1 atualizado: 0 jogadores","service":"lineage2-server","timestamp":"2025-09-20 16:53:39"}
{"level":"info","message":"Status do servidor 1 atualizado: 0 jogadores","service":"lineage2-server","timestamp":"2025-09-20 16:54:09"}
{"level":"info","message":"Status do servidor 1 atualizado: 0 jogadores","service":"lineage2-server","timestamp":"2025-09-20 16:54:39"}
{"level":"info","message":"Status do servidor 1 atualizado: 0 jogadores","service":"lineage2-server","timestamp":"2025-09-20 16:55:09"}
{"level":"info","message":"Status do servidor 1 atualizado: 0 jogadores","service":"lineage2-server","timestamp":"2025-09-20 16:55:39"}
{"level":"info","message":"Status do servidor 1 atualizado: 0 jogadores","service":"lineage2-server","timestamp":"2025-09-20 16:56:09"}
{"level":"info","message":"Recebido SIGINT. Encerrando servidor...","service":"lineage2-server","timestamp":"2025-09-20 16:56:26"}
{"level":"info","message":"Conectado ao banco de dados MySQL","service":"lineage2-server","timestamp":"2025-09-20 16:56:30"}
{"level":"info","message":"Tabelas inicializadas com sucesso","service":"lineage2-server","timestamp":"2025-09-20 16:56:30"}
{"level":"info","message":"Servidor rodando na porta 3000","service":"lineage2-server","timestamp":"2025-09-20 16:56:30"}
{"level":"info","message":"Servidor: Lineage2 Server","service":"lineage2-server","timestamp":"2025-09-20 16:56:30"}
{"level":"info","message":"Máximo de jogadores: 1000","service":"lineage2-server","timestamp":"2025-09-20 16:56:30"}
{"level":"info","message":"Iniciando monitoramento do servidor 1","service":"lineage2-server","timestamp":"2025-09-20 16:56:30"}
{"level":"info","message":"Status do servidor 1 atualizado: 0 jogadores","service":"lineage2-server","timestamp":"2025-09-20 16:56:30"}
{"level":"info","message":"Novo cliente conectado: fNo1GeOjIfR-fFNqAAAC","service":"lineage2-server","timestamp":"2025-09-20 16:56:40"}
{"level":"info","message":"Jogador conectado. Total: 2","service":"lineage2-server","timestamp":"2025-09-20 16:56:40"}
{"level":"info","message":"Status do servidor 1 atualizado: 2 jogadores","service":"lineage2-server","timestamp":"2025-09-20 16:57:00"}
{"level":"info","message":"Status do servidor 1 atualizado: 1 jogadores","service":"lineage2-server","timestamp":"2025-09-20 16:57:30"}
{"level":"info","message":"Status do servidor 1 atualizado: 1 jogadores","service":"lineage2-server","timestamp":"2025-09-20 16:58:00"}
{"level":"info","message":"Status do servidor 1 atualizado: 1 jogadores","service":"lineage2-server","timestamp":"2025-09-20 16:58:30"}
{"level":"info","message":"Cliente desconectado: fNo1GeOjIfR-fFNqAAAC - Motivo: client namespace disconnect","service":"lineage2-server","timestamp":"2025-09-20 16:58:42"}
{"level":"info","message":"Jogador desconectado. Total: 1","service":"lineage2-server","timestamp":"2025-09-20 16:58:42"}
{"level":"info","message":"Novo cliente conectado: bL25C1M9kII8kP7AAAAF","service":"lineage2-server","timestamp":"2025-09-20 16:58:56"}
{"level":"info","message":"Jogador conectado. Total: 2","service":"lineage2-server","timestamp":"2025-09-20 16:58:56"}
{"level":"info","message":"Status do servidor 1 atualizado: 2 jogadores","service":"lineage2-server","timestamp":"2025-09-20 16:59:00"}
{"level":"info","message":"Cliente desconectado: bL25C1M9kII8kP7AAAAF - Motivo: client namespace disconnect","service":"lineage2-server","timestamp":"2025-09-20 16:59:22"}
{"level":"info","message":"Jogador desconectado. Total: 2","service":"lineage2-server","timestamp":"2025-09-20 16:59:22"}
{"level":"info","message":"Status do servidor 1 atualizado: 1 jogadores","service":"lineage2-server","timestamp":"2025-09-20 16:59:30"}
{"level":"info","message":"Status do servidor 1 atualizado: 0 jogadores","service":"lineage2-server","timestamp":"2025-09-20 17:00:00"}
{"level":"info","message":"Status do servidor 1 atualizado: 0 jogadores","service":"lineage2-server","timestamp":"2025-09-20 17:00:30"}
{"level":"info","message":"Status do servidor 1 atualizado: 0 jogadores","service":"lineage2-server","timestamp":"2025-09-20 17:01:00"}
{"level":"info","message":"Status do servidor 1 atualizado: 0 jogadores","service":"lineage2-server","timestamp":"2025-09-20 17:01:30"}
{"level":"info","message":"Status do servidor 1 atualizado: 0 jogadores","service":"lineage2-server","timestamp":"2025-09-20 17:02:00"}
{"level":"info","message":"Novo cliente conectado: 50xyAnDHgVn7SbIAAAAI","service":"lineage2-server","timestamp":"2025-09-20 17:02:04"}
{"level":"info","message":"Jogador conectado. Total: 2","service":"lineage2-server","timestamp":"2025-09-20 17:02:04"}
{"level":"info","message":"Status do servidor 1 atualizado: 2 jogadores","service":"lineage2-server","timestamp":"2025-09-20 17:02:30"}
{"level":"info","message":"Status do servidor 1 atualizado: 1 jogadores","service":"lineage2-server","timestamp":"2025-09-20 17:03:00"}
{"level":"info","message":"Cliente desconectado: 50xyAnDHgVn7SbIAAAAI - Motivo: client namespace disconnect","service":"lineage2-server","timestamp":"2025-09-20 17:03:05"}
{"level":"info","message":"Jogador desconectado. Total: 1","service":"lineage2-server","timestamp":"2025-09-20 17:03:05"}
{"level":"info","message":"Status do servidor 1 atualizado: 0 jogadores","service":"lineage2-server","timestamp":"2025-09-20 17:03:30"}
{"level":"info","message":"Status do servidor 1 atualizado: 0 jogadores","service":"lineage2-server","timestamp":"2025-09-20 17:04:00"}
{"level":"info","message":"Status do servidor 1 atualizado: 0 jogadores","service":"lineage2-server","timestamp":"2025-09-20 17:04:30"}
{"level":"info","message":"Status do servidor 1 atualizado: 0 jogadores","service":"lineage2-server","timestamp":"2025-09-20 17:05:00"}
{"level":"info","message":"Novo cliente conectado: oTS2jxws0ZvWv7KyAAAL","service":"lineage2-server","timestamp":"2025-09-20 17:05:20"}
{"level":"info","message":"Jogador conectado. Total: 2","service":"lineage2-server","timestamp":"2025-09-20 17:05:20"}
{"level":"info","message":"Status do servidor 1 atualizado: 2 jogadores","service":"lineage2-server","timestamp":"2025-09-20 17:05:31"}
{"level":"info","message":"Status do servidor 1 atualizado: 2 jogadores","service":"lineage2-server","timestamp":"2025-09-20 17:06:01"}
{"level":"info","message":"Status do servidor 1 atualizado: 1 jogadores","service":"lineage2-server","timestamp":"2025-09-20 17:06:31"}
{"level":"info","message":"Status do servidor 1 atualizado: 1 jogadores","service":"lineage2-server","timestamp":"2025-09-20 17:07:01"}
{"level":"info","message":"Status do servidor 1 atualizado: 1 jogadores","service":"lineage2-server","timestamp":"2025-09-20 17:07:31"}
{"level":"info","message":"Status do servidor 1 atualizado: 1 jogadores","service":"lineage2-server","timestamp":"2025-09-20 17:08:01"}
{"level":"info","message":"Status do servidor 1 atualizado: 1 jogadores","service":"lineage2-server","timestamp":"2025-09-20 17:08:31"}
{"level":"info","message":"Status do servidor 1 atualizado: 1 jogadores","service":"lineage2-server","timestamp":"2025-09-20 17:09:01"}
{"level":"info","message":"Status do servidor 1 atualizado: 1 jogadores","service":"lineage2-server","timestamp":"2025-09-20 17:09:31"}
{"level":"info","message":"Status do servidor 1 atualizado: 1 jogadores","service":"lineage2-server","timestamp":"2025-09-20 17:10:01"}
{"level":"info","message":"Status do servidor 1 atualizado: 1 jogadores","service":"lineage2-server","timestamp":"2025-09-20 17:10:31"}
{"level":"info","message":"Status do servidor 1 atualizado: 1 jogadores","service":"lineage2-server","timestamp":"2025-09-20 17:11:01"}
{"level":"info","message":"Status do servidor 1 atualizado: 1 jogadores","service":"lineage2-server","timestamp":"2025-09-20 17:11:31"}
{"level":"info","message":"Cliente desconectado: oTS2jxws0ZvWv7KyAAAL - Motivo: client namespace disconnect","service":"lineage2-server","timestamp":"2025-09-20 17:11:44"}
{"level":"info","message":"Jogador desconectado. Total: 1","service":"lineage2-server","timestamp":"2025-09-20 17:11:44"}
{"level":"info","message":"Status do servidor 1 atualizado: 0 jogadores","service":"lineage2-server","timestamp":"2025-09-20 17:12:01"}
{"level":"info","message":"Status do servidor 1 atualizado: 0 jogadores","service":"lineage2-server","timestamp":"2025-09-20 17:12:31"}
{"level":"info","message":"Status do servidor 1 atualizado: 0 jogadores","service":"lineage2-server","timestamp":"2025-09-20 17:13:01"}
{"level":"info","message":"Status do servidor 1 atualizado: 0 jogadores","service":"lineage2-server","timestamp":"2025-09-20 17:13:31"}
{"level":"info","message":"Status do servidor 1 atualizado: 0 jogadores","service":"lineage2-server","timestamp":"2025-09-20 17:14:01"}
{"level":"info","message":"Status do servidor 1 atualizado: 0 jogadores","service":"lineage2-server","timestamp":"2025-09-20 17:14:31"}
{"level":"info","message":"Novo cliente conectado: w2FgHi6USUdQvmtpAAAO","service":"lineage2-server","timestamp":"2025-09-20 17:14:53"}
{"level":"info","message":"Jogador conectado. Total: 2","service":"lineage2-server","timestamp":"2025-09-20 17:14:53"}
{"level":"info","message":"Status do servidor 1 atualizado: 2 jogadores","service":"lineage2-server","timestamp":"2025-09-20 17:15:01"}
{"level":"info","message":"Cliente desconectado: w2FgHi6USUdQvmtpAAAO - Motivo: client namespace disconnect","service":"lineage2-server","timestamp":"2025-09-20 17:15:18"}
{"level":"info","message":"Jogador desconectado. Total: 2","service":"lineage2-server","timestamp":"2025-09-20 17:15:18"}
{"level":"info","message":"Status do servidor 1 atualizado: 1 jogadores","service":"lineage2-server","timestamp":"2025-09-20 17:15:31"}
{"level":"info","message":"Status do servidor 1 atualizado: 0 jogadores","service":"lineage2-server","timestamp":"2025-09-20 17:16:01"}
{"level":"info","message":"Status do servidor 1 atualizado: 0 jogadores","service":"lineage2-server","timestamp":"2025-09-20 17:16:31"}
{"level":"info","message":"Status do servidor 1 atualizado: 0 jogadores","service":"lineage2-server","timestamp":"2025-09-20 17:17:01"}
{"level":"info","message":"Novo cliente conectado: hoxG5s5BpAxd6TmGAAAR","service":"lineage2-server","timestamp":"2025-09-20 17:17:18"}
{"level":"info","message":"Jogador conectado. Total: 2","service":"lineage2-server","timestamp":"2025-09-20 17:17:18"}
{"level":"info","message":"Status do servidor 1 atualizado: 2 jogadores","service":"lineage2-server","timestamp":"2025-09-20 17:17:31"}
{"level":"info","message":"Status do servidor 1 atualizado: 2 jogadores","service":"lineage2-server","timestamp":"2025-09-20 17:18:01"}
{"level":"info","message":"Status do servidor 1 atualizado: 1 jogadores","service":"lineage2-server","timestamp":"2025-09-20 17:18:31"}
{"level":"info","message":"Status do servidor 1 atualizado: 1 jogadores","service":"lineage2-server","timestamp":"2025-09-20 17:19:01"}
{"level":"info","message":"Status do servidor 1 atualizado: 1 jogadores","service":"lineage2-server","timestamp":"2025-09-20 17:19:31"}
{"level":"info","message":"Status do servidor 1 atualizado: 1 jogadores","service":"lineage2-server","timestamp":"2025-09-20 17:20:01"}
{"level":"info","message":"Cliente desconectado: hoxG5s5BpAxd6TmGAAAR - Motivo: client namespace disconnect","service":"lineage2-server","timestamp":"2025-09-20 17:20:26"}
{"level":"info","message":"Jogador desconectado. Total: 1","service":"lineage2-server","timestamp":"2025-09-20 17:20:26"}
{"level":"info","message":"Status do servidor 1 atualizado: 0 jogadores","service":"lineage2-server","timestamp":"2025-09-20 17:20:31"}
{"level":"info","message":"Status do servidor 1 atualizado: 0 jogadores","service":"lineage2-server","timestamp":"2025-09-20 19:10:48"}
{"level":"info","message":"Novo cliente conectado: o3p-_dnjSQric_WTAAAU","service":"lineage2-server","timestamp":"2025-09-20 19:11:18"}
{"level":"info","message":"Jogador conectado. Total: 2","service":"lineage2-server","timestamp":"2025-09-20 19:11:18"}
{"level":"info","message":"Status do servidor 1 atualizado: 2 jogadores","service":"lineage2-server","timestamp":"2025-09-20 19:11:18"}
{"level":"info","message":"Status do servidor 1 atualizado: 2 jogadores","service":"lineage2-server","timestamp":"2025-09-20 19:11:48"}
{"level":"info","message":"Status do servidor 1 atualizado: 1 jogadores","service":"lineage2-server","timestamp":"2025-09-20 19:12:18"}
{"level":"info","message":"Cliente desconectado: o3p-_dnjSQric_WTAAAU - Motivo: client namespace disconnect","service":"lineage2-server","timestamp":"2025-09-20 19:12:18"}
{"level":"info","message":"Jogador desconectado. Total: 1","service":"lineage2-server","timestamp":"2025-09-20 19:12:18"}
{"level":"info","message":"Novo cliente conectado: MTY6VzTMaSqryC3WAAAX","service":"lineage2-server","timestamp":"2025-09-20 19:12:36"}
{"level":"info","message":"Jogador conectado. Total: 2","service":"lineage2-server","timestamp":"2025-09-20 19:12:36"}
{"level":"info","message":"Status do servidor 1 atualizado: 2 jogadores","service":"lineage2-server","timestamp":"2025-09-20 19:12:48"}
{"level":"info","message":"Cliente desconectado: MTY6VzTMaSqryC3WAAAX - Motivo: client namespace disconnect","service":"lineage2-server","timestamp":"2025-09-20 19:12:51"}
{"level":"info","message":"Jogador desconectado. Total: 2","service":"lineage2-server","timestamp":"2025-09-20 19:12:51"}
{"level":"info","message":"Status do servidor 1 atualizado: 1 jogadores","service":"lineage2-server","timestamp":"2025-09-20 19:13:18"}
{"level":"info","message":"Status do servidor 1 atualizado: 0 jogadores","service":"lineage2-server","timestamp":"2025-09-20 19:13:48"}
{"level":"info","message":"Status do servidor 1 atualizado: 0 jogadores","service":"lineage2-server","timestamp":"2025-09-20 19:14:18"}
{"level":"info","message":"Status do servidor 1 atualizado: 0 jogadores","service":"lineage2-server","timestamp":"2025-09-20 19:14:48"}
{"level":"info","message":"Status do servidor 1 atualizado: 0 jogadores","service":"lineage2-server","timestamp":"2025-09-20 19:15:18"}
{"level":"info","message":"Status do servidor 1 atualizado: 0 jogadores","service":"lineage2-server","timestamp":"2025-09-20 19:15:48"}
{"level":"info","message":"Status do servidor 1 atualizado: 0 jogadores","service":"lineage2-server","timestamp":"2025-09-20 19:16:18"}
{"level":"info","message":"Status do servidor 1 atualizado: 0 jogadores","service":"lineage2-server","timestamp":"2025-09-20 19:16:48"}
